[    0.000000] Initializing cgroup subsys cpuset
[    0.000000] Initializing cgroup subsys cpu
[    0.000000] Initializing cgroup subsys cpuacct
[    0.000000] Linux version 4.4.0-157-generic (buildd@lgw01-amd64-037) (gcc version 5.4.0 20160609 (Ubuntu 5.4.0-6ubuntu1~16.04.10) ) #185-Ubuntu SMP Tue Jul 23 09:17:01 UTC 2019 (Ubuntu 4.4.0-157.185-generic 4.4.181)
[    0.000000] Command line: BOOT_IMAGE=/boot/vmlinuz-4.4.0-157-generic root=LABEL=cloudimg-rootfs ro console=tty1 console=ttyS0
[    0.000000] KERNEL supported cpus:
[    0.000000]   Intel GenuineIntel
[    0.000000]   AMD AuthenticAMD
[    0.000000]   Centaur CentaurHauls
[    0.000000] x86/fpu: xstate_offset[2]:  576, xstate_sizes[2]:  256
[    0.000000] x86/fpu: Supporting XSAVE feature 0x01: 'x87 floating point registers'
[    0.000000] x86/fpu: Supporting XSAVE feature 0x02: 'SSE registers'
[    0.000000] x86/fpu: Supporting XSAVE feature 0x04: 'AVX registers'
[    0.000000] x86/fpu: Enabled xstate features 0x7, context size is 832 bytes, using 'standard' format.
[    0.000000] e820: BIOS-provided physical RAM map:
[    0.000000] BIOS-e820: [mem 0x0000000000000000-0x000000000009fbff] usable
[    0.000000] BIOS-e820: [mem 0x000000000009fc00-0x000000000009ffff] reserved
[    0.000000] BIOS-e820: [mem 0x00000000000f0000-0x00000000000fffff] reserved
[    0.000000] BIOS-e820: [mem 0x0000000000100000-0x000000001ffeffff] usable
[    0.000000] BIOS-e820: [mem 0x000000001fff0000-0x000000001fffffff] ACPI data
[    0.000000] BIOS-e820: [mem 0x00000000fec00000-0x00000000fec00fff] reserved
[    0.000000] BIOS-e820: [mem 0x00000000fee00000-0x00000000fee00fff] reserved
[    0.000000] BIOS-e820: [mem 0x00000000fffc0000-0x00000000ffffffff] reserved
[    0.000000] NX (Execute Disable) protection: active
[    0.000000] SMBIOS 2.5 present.
[    0.000000] Hypervisor detected: KVM
[    0.000000] e820: last_pfn = 0x1fff0 max_arch_pfn = 0x400000000
[    0.000000] MTRR: Disabled
[    0.000000] x86/PAT: MTRRs disabled, skipping PAT initialization too.
[    0.000000] CPU MTRRs all blank - virtualized system.
[    0.000000] x86/PAT: Configuration [0-7]: WB  WT  UC- UC  WB  WT  UC- UC  
[    0.000000] found SMP MP-table at [mem 0x0009fff0-0x0009ffff] mapped at [ffff88000009fff0]
[    0.000000] Scanning 1 areas for low memory corruption
[    0.000000] RAMDISK: [mem 0x1e88e000-0x1f707fff]
[    0.000000] ACPI: Early table checksum verification disabled
[    0.000000] ACPI: RSDP 0x00000000000E0000 000024 (v02 VBOX  )
[    0.000000] ACPI: XSDT 0x000000001FFF0030 00003C (v01 VBOX   VBOXXSDT 00000001 ASL  00000061)
[    0.000000] ACPI: FACP 0x000000001FFF00F0 0000F4 (v04 VBOX   VBOXFACP 00000001 ASL  00000061)
[    0.000000] ACPI: DSDT 0x000000001FFF0470 0022EA (v02 VBOX   VBOXBIOS 00000002 INTL 20100528)
[    0.000000] ACPI: FACS 0x000000001FFF0200 000040
[    0.000000] ACPI: FACS 0x000000001FFF0200 000040
[    0.000000] ACPI: APIC 0x000000001FFF0240 000054 (v02 VBOX   VBOXAPIC 00000001 ASL  00000061)
[    0.000000] ACPI: SSDT 0x000000001FFF02A0 0001CC (v01 VBOX   VBOXCPUT 00000002 INTL 20100528)
[    0.000000] No NUMA configuration found
[    0.000000] Faking a node at [mem 0x0000000000000000-0x000000001ffeffff]
[    0.000000] NODE_DATA(0) allocated [mem 0x1ffeb000-0x1ffeffff]
[    0.000000] kvm-clock: Using msrs 4b564d01 and 4b564d00
[    0.000000] kvm-clock: cpu 0, msr 0:1ffe3001, primary cpu clock
[    0.000000] kvm-clock: using sched offset of 3282928558 cycles
[    0.000000] clocksource: kvm-clock: mask: 0xffffffffffffffff max_cycles: 0x1cd42e4dffb, max_idle_ns: 881590591483 ns
[    0.000000] Zone ranges:
[    0.000000]   DMA      [mem 0x0000000000001000-0x0000000000ffffff]
[    0.000000]   DMA32    [mem 0x0000000001000000-0x000000001ffeffff]
[    0.000000]   Normal   empty
[    0.000000]   Device   empty
[    0.000000] Movable zone start for each node
[    0.000000] Early memory node ranges
[    0.000000]   node   0: [mem 0x0000000000001000-0x000000000009efff]
[    0.000000]   node   0: [mem 0x0000000000100000-0x000000001ffeffff]
[    0.000000] Initmem setup node 0 [mem 0x0000000000001000-0x000000001ffeffff]
[    0.000000] ACPI: PM-Timer IO Port: 0x4008
[    0.000000] IOAPIC[0]: apic_id 1, version 32, address 0xfec00000, GSI 0-23
[    0.000000] ACPI: INT_SRC_OVR (bus 0 bus_irq 0 global_irq 2 dfl dfl)
[    0.000000] ACPI: INT_SRC_OVR (bus 0 bus_irq 9 global_irq 9 low level)
[    0.000000] Using ACPI (MADT) for SMP configuration information
[    0.000000] smpboot: Allowing 1 CPUs, 0 hotplug CPUs
[    0.000000] PM: Registered nosave memory: [mem 0x00000000-0x00000fff]
[    0.000000] PM: Registered nosave memory: [mem 0x0009f000-0x0009ffff]
[    0.000000] PM: Registered nosave memory: [mem 0x000a0000-0x000effff]
[    0.000000] PM: Registered nosave memory: [mem 0x000f0000-0x000fffff]
[    0.000000] e820: [mem 0x20000000-0xfebfffff] available for PCI devices
[    0.000000] Booting paravirtualized kernel on KVM
[    0.000000] clocksource: refined-jiffies: mask: 0xffffffff max_cycles: 0xffffffff, max_idle_ns: 7645519600211568 ns
[    0.000000] setup_percpu: NR_CPUS:512 nr_cpumask_bits:512 nr_cpu_ids:1 nr_node_ids:1
[    0.000000] PERCPU: Embedded 34 pages/cpu @ffff88001fc00000 s99544 r8192 d31528 u2097152
[    0.000000] Built 1 zonelists in Node order, mobility grouping on.  Total pages: 128888
[    0.000000] Policy zone: DMA32
[    0.000000] Kernel command line: BOOT_IMAGE=/boot/vmlinuz-4.4.0-157-generic root=LABEL=cloudimg-rootfs ro console=tty1 console=ttyS0
[    0.000000] PID hash table entries: 2048 (order: 2, 16384 bytes)
[    0.000000] Memory: 481792K/523832K available (8618K kernel code, 1335K rwdata, 4032K rodata, 1484K init, 1284K bss, 42040K reserved, 0K cma-reserved)
[    0.000000] SLUB: HWalign=64, Order=0-3, MinObjects=0, CPUs=1, Nodes=1
[    0.000000] Kernel/User page tables isolation: enabled
[    0.000000] Hierarchical RCU implementation.
[    0.000000] 	Build-time adjustment of leaf fanout to 64.
[    0.000000] 	RCU restricting CPUs from NR_CPUS=512 to nr_cpu_ids=1.
[    0.000000] RCU: Adjusting geometry for rcu_fanout_leaf=64, nr_cpu_ids=1
[    0.000000] NR_IRQS:33024 nr_irqs:256 16
[    0.000000] Console: colour VGA+ 80x25
[    0.000000] console [tty1] enabled
[    0.000000] console [ttyS0] enabled
[    0.000000] tsc: Detected 3191.998 MHz processor
[    0.120661] Calibrating delay loop (skipped) preset value.. 6383.99 BogoMIPS (lpj=12767992)
[    0.122123] pid_max: default: 32768 minimum: 301
[    0.123019] ACPI: Core revision 20150930
[    0.125435] ACPI: 2 ACPI AML tables successfully acquired and loaded
[    0.126749] Security Framework initialized
[    0.127515] Yama: becoming mindful.
[    0.128173] AppArmor: AppArmor initialized
[    0.128997] Dentry cache hash table entries: 65536 (order: 7, 524288 bytes)
[    0.130168] Inode-cache hash table entries: 32768 (order: 6, 262144 bytes)
[    0.131259] Mount-cache hash table entries: 1024 (order: 1, 8192 bytes)
[    0.132292] Mountpoint-cache hash table entries: 1024 (order: 1, 8192 bytes)
[    0.133528] Initializing cgroup subsys io
[    0.134260] Initializing cgroup subsys memory
[    0.135033] Initializing cgroup subsys devices
[    0.135803] Initializing cgroup subsys freezer
[    0.136734] Initializing cgroup subsys net_cls
[    0.137497] Initializing cgroup subsys perf_event
[    0.138410] Initializing cgroup subsys net_prio
[    0.139204] Initializing cgroup subsys hugetlb
[    0.139985] Initializing cgroup subsys pids
[    0.141706] mce: CPU supports 0 MCE banks
[    0.142685] process: using mwait in idle threads
[    0.143818] Last level iTLB entries: 4KB 64, 2MB 8, 4MB 8
[    0.145032] Last level dTLB entries: 4KB 64, 2MB 0, 4MB 0, 1GB 4
[    0.146365] Spectre V2 : Mitigation: Full generic retpoline
[    0.147372] Spectre V2 : Spectre v2 / SpectreRSB mitigation: Filling RSB on context switch
[    0.148902] Speculative Store Bypass: Vulnerable
[    0.149764] MDS: Mitigation: Clear CPU buffers
[    0.172985] Freeing SMP alternatives memory: 36K
[    0.178923] ftrace: allocating 32312 entries in 127 pages
[    0.230326] smpboot: APIC(0) Converting physical 0 to logical package 0
[    0.231487] smpboot: Max logical packages: 1
[    0.232518] x2apic enabled
[    0.233283] Switched APIC routing to physical x2apic.
[    0.235041] ..TIMER: vector=0x30 apic1=0 pin1=2 apic2=-1 pin2=-1
[    0.339900] smpboot: CPU0: Intel(R) Core(TM) i7-8700 CPU @ 3.20GHz (family: 0x6, model: 0x9e, stepping: 0xa)
[    0.341732] Performance Events: unsupported p6 CPU model 158 no PMU driver, software events only.
[    0.352082] KVM setup paravirtual spinlock
[    0.353340] x86: Booted up 1 node, 1 CPUs
[    0.354223] smpboot: Total of 1 processors activated (6383.99 BogoMIPS)
[    0.355620] devtmpfs: initialized
[    0.357531] evm: security.selinux
[    0.358189] evm: security.SMACK64
[    0.358884] evm: security.SMACK64EXEC
[    0.359655] evm: security.SMACK64TRANSMUTE
[    0.360414] evm: security.SMACK64MMAP
[    0.361146] evm: security.ima
[    0.361746] evm: security.capability
[    0.362550] clocksource: jiffies: mask: 0xffffffff max_cycles: 0xffffffff, max_idle_ns: 7645041785100000 ns
[    0.364204] futex hash table entries: 256 (order: 2, 16384 bytes)
[    0.365255] pinctrl core: initialized pinctrl subsystem
[    0.366207] RTC time: 11:15:02, date: 11/19/19
[    0.367170] NET: Registered protocol family 16
[    0.368113] cpuidle: using governor ladder
[    0.368888] cpuidle: using governor menu
[    0.369586] PCCT header not found.
[    0.370260] ACPI: bus type PCI registered
[    0.370961] acpiphp: ACPI Hot Plug PCI Controller Driver version: 0.5
[    0.372028] PCI: Using configuration type 1 for base access
[    0.376116] ACPI: Added _OSI(Module Device)
[    0.376880] ACPI: Added _OSI(Processor Device)
[    0.377619] ACPI: Added _OSI(3.0 _SCP Extensions)
[    0.378415] ACPI: Added _OSI(Processor Aggregator Device)
[    0.379806] ACPI: Executed 1 blocks of module-level executable AML code
[    0.382713] ACPI: Interpreter enabled
[    0.383402] ACPI: (supports S0 S5)
[    0.384049] ACPI: Using IOAPIC for interrupt routing
[    0.385127] PCI: Using host bridge windows from ACPI; if necessary, use "pci=nocrs" and report a bug
[    0.389603] ACPI: PCI Root Bridge [PCI0] (domain 0000 [bus 00-ff])
[    0.390594] acpi PNP0A03:00: _OSC: OS supports [ASPM ClockPM Segments MSI]
[    0.391924] acpi PNP0A03:00: _OSC: not requesting OS control; OS requires [ExtendedConfig ASPM ClockPM MSI]
[    0.393662] acpi PNP0A03:00: fail to add MMCONFIG information, can't access extended PCI configuration space under this bridge.
[    0.395767] PCI host bridge to bus 0000:00
[    0.396525] pci_bus 0000:00: root bus resource [io  0x0000-0x0cf7 window]
[    0.397609] pci_bus 0000:00: root bus resource [io  0x0d00-0xffff window]
[    0.398637] pci_bus 0000:00: root bus resource [mem 0x000a0000-0x000bffff window]
[    0.399964] pci_bus 0000:00: root bus resource [mem 0x20000000-0xfdffffff window]
[    0.401359] pci_bus 0000:00: root bus resource [bus 00-ff]
[    0.403772] pci 0000:00:01.1: legacy IDE quirk: reg 0x10: [io  0x01f0-0x01f7]
[    0.404878] pci 0000:00:01.1: legacy IDE quirk: reg 0x14: [io  0x03f6]
[    0.405946] pci 0000:00:01.1: legacy IDE quirk: reg 0x18: [io  0x0170-0x0177]
[    0.407204] pci 0000:00:01.1: legacy IDE quirk: reg 0x1c: [io  0x0376]
[    0.415673] pci 0000:00:07.0: quirk: [io  0x4000-0x403f] claimed by PIIX4 ACPI
[    0.416975] pci 0000:00:07.0: quirk: [io  0x4100-0x410f] claimed by PIIX4 SMB
[    0.431764] ACPI: PCI Interrupt Link [LNKA] (IRQs 5 9 10 *11)
[    0.433372] ACPI: PCI Interrupt Link [LNKB] (IRQs 5 9 *10 11)
[    0.434771] ACPI: PCI Interrupt Link [LNKC] (IRQs 5 *9 10 11)
[    0.436241] ACPI: PCI Interrupt Link [LNKD] (IRQs 5 9 10 *11)
[    0.437818] ACPI: Enabled 2 GPEs in block 00 to 07
[    0.439022] vgaarb: setting as boot device: PCI:0000:00:02.0
[    0.440048] vgaarb: device added: PCI:0000:00:02.0,decodes=io+mem,owns=io+mem,locks=none
[    0.441542] vgaarb: loaded
[    0.442175] vgaarb: bridge control possible 0000:00:02.0
[    0.443297] SCSI subsystem initialized
[    0.444050] ACPI: bus type USB registered
[    0.444857] usbcore: registered new interface driver usbfs
[    0.445776] usbcore: registered new interface driver hub
[    0.446678] usbcore: registered new device driver usb
[    0.447642] PCI: Using ACPI for IRQ routing
[    0.448648] NetLabel: Initializing
[    0.449333] NetLabel:  domain hash size = 128
[    0.450069] NetLabel:  protocols = UNLABELED CIPSOv4
[    0.450901] NetLabel:  unlabeled traffic allowed by default
[    0.451877] amd_nb: Cannot enumerate AMD northbridges
[    0.452748] clocksource: Switched to clocksource kvm-clock
[    0.460220] AppArmor: AppArmor Filesystem Enabled
[    0.461196] pnp: PnP ACPI init
[    0.462466] pnp: PnP ACPI: found 3 devices
[    0.468593] clocksource: acpi_pm: mask: 0xffffff max_cycles: 0xffffff, max_idle_ns: 2085701024 ns
[    0.470255] NET: Registered protocol family 2
[    0.471159] TCP established hash table entries: 4096 (order: 3, 32768 bytes)
[    0.472377] TCP bind hash table entries: 4096 (order: 4, 65536 bytes)
[    0.473540] TCP: Hash tables configured (established 4096 bind 4096)
[    0.474608] UDP hash table entries: 256 (order: 1, 8192 bytes)
[    0.475663] UDP-Lite hash table entries: 256 (order: 1, 8192 bytes)
[    0.476693] NET: Registered protocol family 1
[    0.477605] pci 0000:00:00.0: Limiting direct PCI/PCI transfers
[    0.478598] pci 0000:00:01.0: Activating ISA DMA hang workarounds
[    0.479743] Unpacking initramfs...
[    0.664306] Freeing initrd memory: 14824K
[    0.665154] clocksource: tsc: mask: 0xffffffffffffffff max_cycles: 0x2e02c314322, max_idle_ns: 440795292111 ns
[    0.666812] platform rtc_cmos: registered platform RTC device (no PNP device found)
[    0.668273] Scanning for low memory corruption every 60 seconds
[    0.669430] audit: initializing netlink subsys (disabled)
[    0.670387] audit: type=2000 audit(1574162107.265:1): initialized
[    0.671647] Initialise system trusted keyring
[    0.672509] HugeTLB registered 2 MB page size, pre-allocated 0 pages
[    0.674567] zbud: loaded
[    0.675524] VFS: Disk quotas dquot_6.6.0
[    0.676354] VFS: Dquot-cache hash table entries: 512 (order 0, 4096 bytes)
[    0.677760] squashfs: version 4.0 (2009/01/31) Phillip Lougher
[    0.679010] fuse init (API version 7.23)
[    0.679821] Key type big_key registered
[    0.680582] Allocating IMA MOK and blacklist keyrings.
[    0.683422] Key type asymmetric registered
[    0.689153] Asymmetric key parser 'x509' registered
[    0.690095] Block layer SCSI generic (bsg) driver version 0.4 loaded (major 249)
[    0.691557] io scheduler noop registered
[    0.692401] io scheduler deadline registered (default)
[    0.693422] io scheduler cfq registered
[    0.694195] pci_hotplug: PCI Hot Plug PCI Core version: 0.5
[    0.695152] pciehp: PCI Express Hot Plug Controller Driver version: 0.4
[    0.696349] ACPI: AC Adapter [AC] (on-line)
[    0.697179] input: Power Button as /devices/LNXSYSTM:00/LNXPWRBN:00/input/input0
[    0.698462] ACPI: Power Button [PWRF]
[    0.699182] input: Sleep Button as /devices/LNXSYSTM:00/LNXSLPBN:00/input/input1
[    0.700504] ACPI: Sleep Button [SLPF]
[    0.701289] GHES: HEST is not enabled!
[    0.702038] Serial: 8250/16550 driver, 32 ports, IRQ sharing enabled
[    0.723545] 00:02: ttyS0 at I/O 0x3f8 (irq = 4, base_baud = 115200) is a 16550A
[    0.726077] Linux agpgart interface v0.103
[    0.728186] loop: module loaded
[    0.731551] scsi host0: ata_piix
[    0.732197] scsi host1: ata_piix
[    0.732914] ata1: PATA max UDMA/33 cmd 0x1f0 ctl 0x3f6 bmdma 0xd000 irq 14
[    0.734072] ata2: PATA max UDMA/33 cmd 0x170 ctl 0x376 bmdma 0xd008 irq 15
[    0.735474] libphy: Fixed MDIO Bus: probed
[    0.736183] tun: Universal TUN/TAP device driver, 1.6
[    0.736999] tun: (C) 1999-2004 Max Krasnyansky <maxk@qualcomm.com>
[    0.738464] PPP generic driver version 2.4.2
[    0.740348] ehci_hcd: USB 2.0 'Enhanced' Host Controller (EHCI) Driver
[    0.742021] ehci-pci: EHCI PCI platform driver
[    0.742824] ehci-platform: EHCI generic platform driver
[    0.743844] ohci_hcd: USB 1.1 'Open' Host Controller (OHCI) Driver
[    0.744943] ohci-pci: OHCI PCI platform driver
[    0.745828] ohci-platform: OHCI generic platform driver
[    0.746674] uhci_hcd: USB Universal Host Controller Interface driver
[    0.747751] i8042: PNP: PS/2 Controller [PNP0303:PS2K,PNP0f03:PS2M] at 0x60,0x64 irq 1,12
[    0.749563] serio: i8042 KBD port at 0x60,0x64 irq 1
[    0.750461] serio: i8042 AUX port at 0x60,0x64 irq 12
[    0.751403] mousedev: PS/2 mouse device common for all mice
[    0.752562] input: AT Translated Set 2 keyboard as /devices/platform/i8042/serio0/input/input2
[    0.754411] rtc_cmos rtc_cmos: rtc core: registered rtc_cmos as rtc0
[    0.755532] rtc_cmos rtc_cmos: alarms up to one day, 114 bytes nvram
[    0.756535] i2c /dev entries driver
[    0.757514] device-mapper: uevent: version 1.0.3
[    0.758529] device-mapper: ioctl: 4.34.0-ioctl (2015-10-28) initialised: dm-devel@redhat.com
[    0.760058] ledtrig-cpu: registered to indicate activity on CPUs
[    0.761711] NET: Registered protocol family 10
[    0.763192] NET: Registered protocol family 17
[    0.763964] Key type dns_resolver registered
[    0.764839] registered taskstats version 1
[    0.765569] Loading compiled-in X.509 certificates
[    0.766782] Loaded X.509 cert 'Build time autogenerated kernel key: 3e01e6df98386236d59670e6b2ed19a044d5324e'
[    0.768425] zswap: loaded using pool lzo/zbud
[    0.770342] Key type trusted registered
[    0.773117] Key type encrypted registered
[    0.773984] AppArmor: AppArmor sha1 policy hashing enabled
[    0.775032] ima: No TPM chip found, activating TPM-bypass!
[    0.776110] ima: Allocated hash algorithm: sha1
[    0.776916] evm: HMAC attrs: 0x1
[    0.777749]   Magic number: 11:344:277
[    0.778419] tty tty14: hash matches
[    0.779061] rtc_cmos rtc_cmos: setting system clock to 2019-11-19 11:15:03 UTC (1574162103)
[    0.780454] BIOS EDD facility v0.16 2004-Jun-25, 0 devices found
[    0.781461] EDD information not available.
[    0.894064] Freeing unused kernel memory: 1484K
[    0.894867] Write protecting the kernel read-only data: 14336k
[    0.896094] Freeing unused kernel memory: 1612K
[    0.896932] Freeing unused kernel memory: 64K
Loading, please wait...
starting version 229
[    0.906098] random: udevadm: uninitialized urandom read (16 bytes read, 3 bits of entropy available)
[    0.907580] random: udevadm: uninitialized urandom read (16 bytes read, 3 bits of entropy available)
[    0.909841] random: systemd-udevd: uninitialized urandom read (16 bytes read, 3 bits of entropy available)
[    0.911516] random: systemd-udevd: uninitialized urandom read (16 bytes read, 3 bits of entropy available)
[    0.913360] random: systemd-udevd: uninitialized urandom read (16 bytes read, 3 bits of entropy available)
[    0.914985] random: systemd-udevd: uninitialized urandom read (16 bytes read, 3 bits of entropy available)
[    0.923722] random: systemd-udevd: uninitialized urandom read (16 bytes read, 3 bits of entropy available)
[    0.925382] random: systemd-udevd: uninitialized urandom read (16 bytes read, 3 bits of entropy available)
[    0.928472] random: systemd-udevd: uninitialized urandom read (16 bytes read, 3 bits of entropy available)
[    0.930621] random: systemd-udevd: uninitialized urandom read (16 bytes read, 3 bits of entropy available)
[    0.983277] e1000: Intel(R) PRO/1000 Network Driver - version 7.3.21-k8-NAPI
[    0.984459] e1000: Copyright (c) 1999-2006 Intel Corporation.
[    0.990100] Fusion MPT base driver 3.04.20
[    0.990863] Copyright (c) 1999-2008 LSI Corporation
[    1.004321] Fusion MPT SPI Host driver 3.04.20
[    1.019948] AVX2 version of gcm_enc/dec engaged.
[    1.020816] AES CTR mode by8 optimization enabled
[    1.203547] input: ImExPS/2 Generic Explorer Mouse as /devices/platform/i8042/serio1/input/input4
[    1.404605] e1000 0000:00:03.0 eth0: (PCI:33MHz:32-bit) 02:f8:81:3a:50:13
[    1.405810] e1000 0000:00:03.0 eth0: Intel(R) PRO/1000 Network Connection
[    1.407327] mptbase: ioc0: Initiating bringup
[    1.469331] ioc0: LSI53C1030 A0: Capabilities={Initiator}
[    1.631392] scsi host2: ioc0: LSI53C1030 A0, FwRev=00000000h, Ports=1, MaxQ=256, IRQ=20
[    1.741884] scsi 2:0:0:0: Direct-Access     VBOX     HARDDISK         1.0  PQ: 0 ANSI: 5
[    1.743384] scsi target2:0:0: Beginning Domain Validation
[    1.746174] scsi target2:0:0: Domain Validation skipping write tests
[    1.747154] scsi target2:0:0: Ending Domain Validation
[    1.748204] scsi target2:0:0: asynchronous
[    1.749544] scsi 2:0:1:0: Direct-Access     VBOX     HARDDISK         1.0  PQ: 0 ANSI: 5
[    1.751638] scsi target2:0:1: Beginning Domain Validation
[    1.753780] scsi target2:0:1: Domain Validation skipping write tests
[    1.754777] scsi target2:0:1: Ending Domain Validation
[    1.755704] scsi target2:0:1: asynchronous
[    1.759805] sd 2:0:0:0: Attached scsi generic sg0 type 0
[    1.760867] sd 2:0:0:0: [sda] 41943040 512-byte logical blocks: (21.5 GB/20.0 GiB)
[    1.762540] sd 2:0:1:0: [sdb] 20480 512-byte logical blocks: (10.5 MB/10.0 MiB)
[    1.786706] sd 2:0:1:0: Attached scsi generic sg1 type 0
[    1.787814] sd 2:0:0:0: [sda] Write Protect is off
[    1.788902] sd 2:0:1:0: [sdb] Write Protect is off
[    1.789773] sd 2:0:0:0: [sda] Incomplete mode parameter data
[    1.790762] sd 2:0:0:0: [sda] Assuming drive cache: write through
[    1.791962] sd 2:0:1:0: [sdb] Incomplete mode parameter data
[    1.792885] sd 2:0:1:0: [sdb] Assuming drive cache: write through
[    1.807092]  sda: sda1
[    1.808277] sd 2:0:0:0: [sda] Attached SCSI disk
[    1.832886] sd 2:0:1:0: [sdb] Attached SCSI disk
[    2.144848] e1000 0000:00:08.0 eth1: (PCI:33MHz:32-bit) 08:00:27:27:b5:e4
[    2.145949] e1000 0000:00:08.0 eth1: Intel(R) PRO/1000 Network Connection
[    2.147724] e1000 0000:00:08.0 enp0s8: renamed from eth1
[    2.149878] e1000 0000:00:03.0 enp0s3: renamed from eth0
Begin: Loading essential drivers ... [    3.453336] md: linear personality registered for level -1
[    3.458483] md: multipath personality registered for level -4
[    3.462257] md: raid0 personality registered for level 0
[    3.466617] md: raid1 personality registered for level 1
[    3.537156] raid6: sse2x1   gen() 13658 MB/s
[    3.605469] raid6: sse2x1   xor() 10484 MB/s
[    3.672813] raid6: sse2x2   gen() 17524 MB/s
[    3.741246] raid6: sse2x2   xor() 11931 MB/s
[    3.809478] raid6: sse2x4   gen() 19593 MB/s
[    3.876821] raid6: sse2x4   xor() 13539 MB/s
[    3.945147] raid6: avx2x1   gen() 27881 MB/s
[    4.012984] raid6: avx2x2   gen() 31561 MB/s
[    4.080815] raid6: avx2x4   gen() 34001 MB/s
[    4.081582] raid6: using algorithm avx2x4 gen() 34001 MB/s
[    4.082447] raid6: using avx2x2 recovery algorithm
[    4.084570] xor: automatically using best checksumming function:
[    4.125223]    avx       : 33578.000 MB/sec
[    4.127216] async_tx: api initialized (async)
[    4.136725] md: raid6 personality registered for level 6
[    4.137655] md: raid5 personality registered for level 5
[    4.138539] md: raid4 personality registered for level 4
[    4.144048] md: raid10 personality registered for level 10
done.
Begin: Running /scripts/init-premount ... done.
Begin: Mounting root file system ... Begin: Running /scripts/local-top ... done.
Begin: Running /scripts/local-premount ... [    4.171923] Btrfs loaded
Scanning for Btrfs filesystems
done.
Warning: fsck not present, so skipping root file system
[    4.194899] EXT4-fs (sda1): mounted filesystem with ordered data mode. Opts: (null)
done.
Begin: Running /scripts/local-bottom ... done.
Begin: Running /scripts/init-bottom ... done.
[    4.264879] systemd[1]: systemd 229 running in system mode. (+PAM +AUDIT +SELINUX +IMA +APPARMOR +SMACK +SYSVINIT +UTMP +LIBCRYPTSETUP +GCRYPT +GNUTLS +ACL +XZ -LZ4 +SECCOMP +BLKID +ELFUTILS +KMOD -IDN)
[    4.267848] systemd[1]: Detected virtualization oracle.
[    4.268716] systemd[1]: Detected architecture x86-64.

Welcome to [1mUbuntu 16.04.6 LTS[0m!

[    4.272254] systemd[1]: Set hostname to <ubuntu>.
[    4.275401] systemd[1]: Initializing machine ID from random generator.
[    4.276510] systemd[1]: Installed transient /etc/machine-id file.
[    4.370443] systemd[1]: Started Trigger resolvconf update for networkd DNS.
[[0;32m  OK  [0m] Started Trigger resolvconf update for networkd DNS.
[    4.372752] systemd[1]: Listening on LVM2 metadata daemon socket.
[[0;32m  OK  [0m] Listening on LVM2 metadata daemon socket.
[    4.374722] systemd[1]: Listening on Syslog Socket.
[[0;32m  OK  [0m] Listening on Syslog Socket.
[    4.376238] systemd[1]: Reached target Encrypted Volumes.
[[0;32m  OK  [0m] Reached target Encrypted Volumes.
[    4.385421] systemd[1]: Reached target User and Group Name Lookups.
[[0;32m  OK  [0m] Reached target User and Group Name Lookups.
[    4.393338] systemd[1]: Listening on /dev/initctl Compatibility Named Pipe.
[[0;32m  OK  [0m] Listening on /dev/initctl Compatibility Named Pipe.
[    4.401127] systemd[1]: Listening on udev Control Socket.
[[0;32m  OK  [0m] Listening on udev Control Socket.
[    4.402800] systemd[1]: Started Forward Password Requests to Wall Directory Watch.
[[0;32m  OK  [0m] Started Forward Password Requests to Wall Directory Watch.
[    4.413853] systemd[1]: Listening on LVM2 poll daemon socket.
[[0;32m  OK  [0m] Listening on LVM2 poll daemon socket.
[    4.421593] systemd[1]: Listening on Journal Socket.
[[0;32m  OK  [0m] Listening on Journal Socket.
[    4.423314] systemd[1]: Reached target Swap.
[[0;32m  OK  [0m] Reached target Swap.
[    4.424792] systemd[1]: Listening on udev Kernel Socket.
[[0;32m  OK  [0m] Listening on udev Kernel Socket.
[    4.426323] systemd[1]: Reached target System Time Synchronized.
[[0;32m  OK  [0m] Reached target System Time Synchronized.
[    4.427961] systemd[1]: Listening on Journal Audit Socket.
[[0;32m  OK  [0m] Listening on Journal Audit Socket.
[    4.429462] systemd[1]: Listening on Journal Socket (/dev/log).
[[0;32m  OK  [0m] Listening on Journal Socket (/dev/log).
[    4.431281] systemd[1]: Created slice System Slice.
[[0;32m  OK  [0m] Created slice System Slice.
[    4.433187] systemd[1]: Mounting Debug File System...
         Mounting Debug File System...
[    4.434695] systemd[1]: Created slice system-serial\x2dgetty.slice.
[[0;32m  OK  [0m] Created slice system-serial\x2dgetty.slice.
[    4.437540] systemd[1]: Starting Nameserver information manager...
         Starting Nameserver information manager...
[    4.442123] systemd[1]: Starting Journal Service...
         Starting Journal Service...
[    4.448555] systemd[1]: Starting Load Kernel Modules...
         Starting Load Kernel Modules...
[    4.451020] systemd[1]: Starting Uncomplicated firewall...
         Starting Uncomplicated firewall...
[    4.457748] Loading iSCSI transport class v2.0-870.
[    4.459230] systemd[1]: Starting Remount Root and Kernel File Systems...
         Starting Remount Root and Kernel File Systems...
[    4.465822] systemd[1]: Starting Create list of required static device nodes for the current kernel...
         Starting Create list of required st... nodes for the current kernel...
[    4.471739] systemd[1]: Mounting Huge Pages File System...
[    4.473736] EXT4-fs (sda1): re-mounted. Opts: (null)
         Mounting Huge Pages File System...
[    4.480993] systemd[1]: Listening on Device-mapper event daemon FIFOs.
[[0;32m  OK  [0m] Listening on Device-mapper event daemon FIFOs.
[    4.483633] iscsi: registered transport (tcp)
[    4.489885] systemd[1]: Starting Monitoring of LVM2 mirrors, snapshots etc. using dmeventd or progress polling...
         Starting Monitoring of LVM2 mirrors... dmeventd or progress polling...
[    4.493422] systemd[1]: Starting Set console keymap...
         Starting Set console keymap...
[    4.496174] systemd[1]: Created slice User and Session Slice.
[[0;32m  OK  [0m] Created slice User and Session Slice.
[    4.503489] systemd[1]: Reached target Slices.
[[0;32m  OK  [0m] Reached target Slices.
[    4.513206] systemd[1]: Set up automount Arbitrary Executable File Formats File System Automount Point.
[[0;32m  OK  [0m] Set up automount Arbitrary Executab...ats File System Automount Point.
[    4.517786] systemd[1]: Mounting POSIX Message Queue File System...
         Mounting POSIX Message Queue File System...
[    4.523013] systemd[1]: Mounted Huge Pages File System.
[[0;32m  OK  [0m] Mounted Huge Pages File System.
[    4.524531] systemd[1]: Mounted Debug File System.
[[0;32m  OK  [0m] Mounted Debug File System.
[    4.526630] systemd[1]: Mounted POSIX Message Queue File System.
[[0;32m  OK  [0m] Mounted POSIX Message Queue File System.
[    4.531095] systemd[1]: Started Journal Service.
[[0;32m  OK  [0m] Started Journal Service.
[[0;32m  OK  [0m] Started Uncomplicated firewall.
[[0;32m  OK  [0m] Started Remount Root and Kernel File Systems.
[[0;32m  OK  [0m] Started Create list of required sta...ce nodes for the current kernel.
[[0;32m  OK  [0m] Started Nameserver information manager.
[    4.577014] iscsi: registered transport (iser)
[[0;32m  OK  [0m] Started Load Kernel Modules.
         Starting Apply Kernel Variables...
         Mounting FUSE Control File System...
[[0;32m  OK  [0m] Started LVM2 metadata daemon.
         Starting Create Static Device Nodes in /dev...
         Starting Load/Save Random Seed...
         Starting udev Coldplug all Devices...
         Starting Flush Journal to Persistent Storage...
[[0;32m  OK  [0m] Mounted FUSE Control File System.
[[0;32m  OK  [0m] Started Apply Kernel Variables.
[[0;32m  OK  [0m] Started Load/Save Random Seed.
[[0;32m  OK  [0m] Started Create Static Device Nodes in /dev.
[[0;32m  OK  [0m] Started Flush Journal to Persistent Storage.
[[0;32m  OK  [0m] Started Set console keymap.
         Starting udev Kernel Device Manager...
[[0;32m  OK  [0m] Started udev Coldplug all Devices.
[[0;32m  OK  [0m] Started Monitoring of LVM2 mirrors,...ng dmeventd or progress polling.
[[0;32m  OK  [0m] Reached target Local File Systems (Pre).
[[0;32m  OK  [0m] Reached target Local File Systems.
         Starting Commit a transient machine-id on disk...
         Starting Set console font and keymap...
         Starting Create Volatile Files and Directories...
         Starting Tell Plymouth To Write Out Runtime Data...
         Starting LSB: AppArmor initialization...
         Starting Initial cloud-init job (pre-networking)...
[[0;32m  OK  [0m] Started Commit a transient machine-id on disk.
[[0;32m  OK  [0m] Started Create Volatile Files and Directories.
[[0;32m  OK  [0m] Started Tell Plymouth To Write Out Runtime Data.
[[0;32m  OK  [0m] Started udev Kernel Device Manager.
[[0;32m  OK  [0m] Started Dispatch Password Requests to Console Directory Watch.
         Starting Update UTMP about System Boot/Shutdown...
[[0;32m  OK  [0m] Started Update UTMP about System Boot/Shutdown.
[[0;32m  OK  [0m] Found device /dev/ttyS0.
[[0;32m  OK  [0m] Listening on Load/Save RF Kill Switch Status /dev/rfkill Watch.
[[0;32m  OK  [0m] Started Set console font and keymap.
[[0;32m  OK  [0m] Created slice system-getty.slice.
[    6.648818] cloud-init[485]: Cloud-init v. 19.1-1-gbaa47854-0ubuntu1~16.04.1 running 'init-local' at Tue, 19 Nov 2019 11:15:09 +0000. Up 6.04 seconds.
[[0;32m  OK  [0m] Started Initial cloud-init job (pre-networking).
[[0;32m  OK  [0m] Reached target Network (Pre).
[[0;32m  OK  [0m] Started LSB: AppArmor initialization.
         Starting Raise network interfaces...
[[0;32m  OK  [0m] Started Raise network interfaces.
[[0;32m  OK  [0m] Reached target Network.
         Starting Initial cloud-init job (metadata service crawler)...
[    8.837959] cloud-init[960]: Cloud-init v. 19.1-1-gbaa47854-0ubuntu1~16.04.1 running 'init' at Tue, 19 Nov 2019 11:15:11 +0000. Up 8.14 seconds.
[    8.839508] cloud-init[960]: ci-info: ++++++++++++++++++++++++++++++++++++++Net device info+++++++++++++++++++++++++++++++++++++++
[    8.844220] cloud-init[960]: ci-info: +--------+-------+----------------------------+---------------+--------+-------------------+
[    8.852397] cloud-init[960]: ci-info: | Device |   Up  |          Address           |      Mask     | Scope  |     Hw-Address    |
[    8.853532] cloud-init[960]: ci-info: +--------+-------+----------------------------+---------------+--------+-------------------+
[    8.860674] cloud-init[960]: ci-info: | enp0s3 |  True |         10.0.2.15          | 255.255.255.0 | global | 02:f8:81:3a:50:13 |
[    8.861863] cloud-init[960]: ci-info: | enp0s3 |  True | fe80::f8:81ff:fe3a:5013/64 |       .       |  link  | 02:f8:81:3a:50:13 |
[    8.868484] cloud-init[960]: ci-info: | enp0s8 | False |             .              |       .       |   .    | 08:00:27:27:b5:e4 |
[    8.876263] cloud-init[960]: ci-info: |   lo   |  True |         127.0.0.1          |   255.0.0.0   |  host  |         .         |
[    8.877377] cloud-init[960]: ci-info: |   lo   |  True |          ::1/128           |       .       |  host  |         .         |
[    8.884785] cloud-init[960]: ci-info: +--------+-------+----------------------------+---------------+--------+-------------------+
[[0;32m  OK  [0m] Started Initial cloud-init job (metadata service crawler).
[[0;32m  OK  [0m] Reached target Cloud-config availability.
[    8.888078] cloud-init[960]: ci-info: +++++++++++++++++++++++++++Route IPv4 info++++++++++++++++++++++++++++
[    8.904195] cloud-init[960]: ci-info: +-------+-------------+----------+---------------+-----------+-------+
[    8.905183] cloud-init[960]: ci-info: | Route | Destination | Gateway  |    Genmask    | Interface | Flags |
[[0;32m  OK  [0m] Reached target System Initialization.
[[0;32m  OK  [0m] Listening on UUID daemon activation socket.
[    8.907592] cloud-init[960]: ci-info: +-------+-------------+----------+---------------+-----------+-------+
[    8.924705] cloud-init[960]: ci-info: |   0   |   0.0.0.0   | 10.0.2.2 |    0.0.0.0    |   enp0s3  |   UG  |
[    8.925723] cloud-init[960]: ci-info: |   1   |   10.0.2.0  | 0.0.0.0  | 255.255.255.0 |   enp0s3  |   U   |
[    8.926582] cloud-init[960]: ci-info: +-------+-------------+----------+---------------+-----------+-------+
[[0;32m  OK  [0m] Started ACPI Events Check.
[[0;32m  OK  [0m] Reached target Paths.
[    8.929337] cloud-init[960]: ci-info: +++++++++++++++++++Route IPv6 info+++++++++++++++++++
[    8.937683] cloud-init[960]: ci-info: +-------+-------------+---------+-----------+-------+
[    8.938585] cloud-init[960]: ci-info: | Route | Destination | Gateway | Interface | Flags |
[    8.939369] cloud-init[960]: ci-info: +-------+-------------+---------+-----------+-------+
[    8.940145] cloud-init[960]: ci-info: |   0   |  fe80::/64  |    ::   |   enp0s3  |   U   |
[    8.940897] cloud-init[960]: ci-info: |   3   |   ff00::/8  |    ::   |   enp0s3  |   U   |
         Starting LXD - unix socket.
[[0;32m  OK  [0m] Started Daily Cleanup of Temporary Directories.[    8.943278] cloud-init[960]: ci-info: +-------+-------------+---------+-----------+-------+
[    8.944285] cloud-init[960]: Generating public/private rsa key pair.
[    8.945617] cloud-init[960]: Your identification has been saved in /etc/ssh/ssh_host_rsa_key.
[    8.946825] cloud-init[960]: Your public key has been saved in /etc/ssh/ssh_host_rsa_key.pub.
[    8.947849] cloud-init
[[0;32m  OK  [0m] Started Daily apt download activities.
[[0;32m  OK  [0m] Started Daily apt upgrade and clean activities.
         Starting Socket activation for snappy daemon.
[[0;32m  OK  [0m] Reached target Timers.
[[0;32m  OK  [0m] Listening on ACPID Listen Socket.
[[0;32m  OK  [0m] Listening on D-Bus System Message Bus Socket.[960]: The key fingerprint is:
[    8.952600] cloud-init[960]: SHA256:cbdJUv/xdqmk3uVkyL8HBLcysUXBleAZOK4G2yhRA8w root@ubuntu-xenial
[    8.953078] cloud-init[960]: The key's randomart image is:
[    8.953200] cloud-init[960]: +---[RSA 2048]----+
[    8.953319] cloud-init[960]: |    o..     o=+oo|
[    8.953439] cloud-init[960]: |     E o   ++.*. |
[    8.953559] cloud-init[960]: |      . o + +O.o |
[    8.953891] cloud-init[960]: |     . . o =+oo.+|
[    8.954608] cloud-init[960]: |      . S . o= .=|
[    8.955672] cloud-init[960]: |     . o +  + +..|
[    8.955940] cloud-init[960]: |      . .  . + = |

[[0;32m  OK  [0m] Reached target Network is Online.
         Starting iSCSI initiator daemon (iscsid)...
[[0;32m  OK  [0m] Listening on LXD - unix socket.
[    8.956356] cloud-init[960]: |          . . * .|
[    8.982299] cloud-init[960]: |           . . +o|
[    8.982801] cloud-init[960]: +----[SHA256]-----+
[    8.988927] cloud-init[960]: Generating public/private dsa key pair.
[[0;32m  OK  [0m] Listening on Socket activation for snappy daemon.
[    8.991341] cloud-init[960]: Your identification has been saved in /etc/ssh/ssh_host_dsa_key.
[    8.999266] cloud-init[960]: Your public key has been saved in /etc/ssh/ssh_host_dsa_key.pub.
[    8.999870] cloud-init[960]: The key fingerprint is:
[    9.008591] cloud-init[960]: SHA256:xiyX27uCK0BmYVKSi6+UxMoarUV4yGQ9903Z0sZUDsE root@ubuntu-xenial
[    9.009487] cloud-init[960]: The key's randomart image is:
[    9.010060] cloud-init[960]: +---[DSA 1024]----+
[    9.010640] cloud-init[960]: |.oo       B+o.   |
[    9.011190] cloud-init[960]: |o+oo .   + Eo    |
[    9.016319] cloud-init[960]: |** .o . o o  .   |
[    9.024250] cloud-init[960]: |=+*    + o       |
[    9.024819] cloud-init[960]: |+O.   . S        |
[    9.025337] cloud-init[960]: |o+=    + o       |
[    9.025905] cloud-init[960]: |o= .   .. .      |
[[0;32m  OK  [0m] Started iSCSI initiator daemon (iscsid).
[    9.033994] cloud-init[960]: |+   . . .  .     |
[    9.035852] cloud-init[960]: |     ... .o.     |
[    9.036899] cloud-init[960]: +----[SHA256]-----+
[    9.044613] cloud-init[960]: Generating public/private ecdsa key pair.
[    9.045293] cloud-init[960]: Your identification has been saved in /etc/ssh/ssh_host_ecdsa_key.
         Starting Login to default iSCSI targets...
[[0;32m  OK  [0m] Reached target Sockets.
[[0;32m  OK  [0m] Reached target Basic System.
[    9.054333] cloud-init[960]: Your public key has been saved in /etc/ssh/ssh_host_ecdsa_key.pub.
[    9.062149] cloud-init[960]: The key fingerprint is:
[    9.063206] cloud-init[960]: SHA256:v2P0WVHEo1WBBClf6mCM7lnJfqC9/nyabmQJLUEhXa0 root@ubuntu-xenial
[    9.069004] cloud-init[960]: The key's randomart image is:
[[0;32m  OK  [0m] Started Regular background program processing daemon.
         Starting LSB: MD monitoring daemon...
[[0;32m  OK  [0m] Started Deferred execution scheduler.
[    9.078642] cloud-init[960]: +---[ECDSA 256]---+
[    9.092412] cloud-init[960]: |       .oooo=..+=|
[    9.093000] cloud-init[960]: |        .+ . + oo|
[    9.093598] cloud-init[960]: |        o = + o..|
[[0;32m  OK  [0m] Started ACPI event daemon.
         Starting LSB: Record successful boot for GRUB...
[    9.095973] cloud-init[960]: |       . * E ..  |
[    9.098891] cloud-init[960]: |      . S * .  . |
         Starting Pollinate to seed the pseudo random number generator...
         Starting System Logging Service...
[[0;32m  OK  [0m] Started D-Bus System Message Bus.
[    9.100773] cloud-init[960]: |       . *.=  .  |
[    9.113260] cloud-init[960]: |      . *.=. o   |
[    9.119900] cloud-init[960]: |       + o+++.   |
[    9.121349] cloud-init[960]: |        .+BBo    |
[    9.128480] cloud-init[960]: +----[SHA256]-----+
[    9.131431] cloud-init[960]: Generating public/private ed25519 key pair.
[    9.133081] cloud-init[960]: Your identification has been saved in /etc/ssh/ssh_host_ed25519_key.
         Starting Login Service...
         Starting Virtualbox guest utils...
         Starting Snappy daemon...
         Starting Accounts Service...
[[0;32m  OK  [0m] Started FUSE filesystem for LXC.
[    9.134780] cloud-init         Starting /etc/rc.local Compatibility...
         Starting LXD - container startup/shutdown...
[[0;32m  OK  [0m] Started System Logging Service.
[960]: Your public key has been saved in /etc/ssh/ssh_host_ed25519_key.pub.
[[0;32m  OK  [0m] Started /etc/rc.local Compatibility.
[    9.161286] cloud-init[960]: The key fingerprint is:
[    9.171298] cloud-init[960]: SHA256:b7dukPppQxe/RMkta1gU9IHa+Lv6fTAwb9+xXgjfzMI root@ubuntu-xenial
[    9.176842] cloud-init[960]: The key's randomart image is:
[    9.177779] cloud-init[960]: +--[ED25519 256]--+
[    9.181331] cloud-init[960]: |             .+o |
[    9.218401] cloud-init[960]: |             ....|
[[0;32m  OK  [0m] Started Login to default iSCSI targets.
[[0;32m  OK  [0m] Started LSB: MD monitoring daemon.
[[0;32m  OK  [0m] Started LSB: Record successful boot for GRUB.
[    9.247084] cloud-init[960]: |            +o o.|
[    9.255714] cloud-init[960]: |           o+.* .|
[    9.265584] cloud-init[960]: |        S  .oX o |
[    9.273792] cloud-init[960]: |         .+ o=X* |
[    9.276112] cloud-init[960]: |         ooo.+E=O|
[    9.292738] cloud-init[960]: |        ..oo.ooo=|
[    9.295747] cloud-init[960]: |         oo==ooo.|
[    9.297715] cloud-init[960]: +----[SHA256]-----+
[[0;32m  OK  [0m] Reached target Remote File Systems (Pre).
[[0;32m  OK  [0m] Reached target Remote File Systems.
         Starting LSB: Set the CPU Frequency Scaling governor to "ondemand"...
         Starting LSB: daemon to balance interrupts for SMP systems...
         Starting LSB: automatic crash report generation...
         Starting Permit User Sessions...
[[0;32m  OK  [0m] Started Login Service.
[[0;32m  OK  [0m] Started Permit User Sessions.
[[0;32m  OK  [0m] Started LSB: Set the CPU Frequency Scaling governor to "ondemand".
         Starting Hold until boot process finishes up...
         Starting Terminate Plymouth Boot Screen...
         Starting Authenticate and Authorize Users to Run Privileged Tasks...
[[0;32m  OK  [0m] Started Unattended Upgrades Shutdown.
[[0;32m  OK  [0m] Started Hold until boot process finishes up.
[[0;32m  OK  [0m] Started Terminate Plymouth Boot Screen.
         Starting Set console scheme...
[[0;32m  OK  [0m] Started Getty on tty1.
[[0;32m  OK  [0m] Started Serial Getty on ttyS0.
[[0;32m  OK  [0m] Reached target Login Prompts.
[[0;32m  OK  [0m] Started Set console scheme.
[[0;32m  OK  [0m] Started LSB: daemon to balance interrupts for SMP systems.
[[0;32m  OK  [0m] Started Virtualbox guest utils.
[[0;32m  OK  [0m] Started Authenticate and Authorize Users to Run Privileged Tasks.
[[0;32m  OK  [0m] Started Accounts Service.
[[0;32m  OK  [0m] Started LXD - container startup/shutdown.
[[0;32m  OK  [0m] Started LSB: automatic crash report generation.
[[0;32m  OK  [0m] Started Snappy daemon.
         Starting Wait until snapd is fully seeded...
[[0;32m  OK  [0m] Started Pollinate to seed the pseudo random number generator.
         Starting OpenBSD Secure Shell server...
[[0;32m  OK  [0m] Started OpenBSD Secure Shell server.
[[0;32m  OK  [0m] Started Wait until snapd is fully seeded.
         Starting Apply the settings specified in cloud-config...
[[0;32m  OK  [0m] Reached target Multi-User System.
[[0;32m  OK  [0m] Reached target Graphical Interface.
         Starting Update UTMP about System Runlevel Changes...
[[0;32m  OK  [0m] Started Update UTMP about System Runlevel Changes.
[   11.767414] cloud-init[1322]: Generating locales (this might take a while)...
[[0;32m  OK  [0m] Created slice User Slice of vagrant.
         Starting User Manager for UID 1000...
[[0;32m  OK  [0m] Started Session 1 of user vagrant.
[[0;32m  OK  [0m] Started User Manager for UID 1000.
[   13.374150] cloud-init[1322]:   en_US.UTF-8... done
[   13.377114] cloud-init[1322]: Generation complete.
[   13.884827] cloud-init[1322]: Cloud-init v. 19.1-1-gbaa47854-0ubuntu1~16.04.1 running 'modules:config' at Tue, 19 Nov 2019 11:15:14 +0000. Up 11.66 seconds.
[[0;32m  OK  [0m] Started Apply the settings specified in cloud-config.
         Starting Execute cloud user/final scripts...
ci-info: no authorized ssh keys fingerprints found for user ubuntu.
<14>Nov 19 11:15:17 ec2: 
<14>Nov 19 11:15:17 ec2: #############################################################
<14>Nov 19 11:15:17 ec2: -----BEGIN SSH HOST KEY FINGERPRINTS-----
<14>Nov 19 11:15:17 ec2: 1024 SHA256:xiyX27uCK0BmYVKSi6+UxMoarUV4yGQ9903Z0sZUDsE root@ubuntu-xenial (DSA)
<14>Nov 19 11:15:17 ec2: 256 SHA256:v2P0WVHEo1WBBClf6mCM7lnJfqC9/nyabmQJLUEhXa0 root@ubuntu-xenial (ECDSA)
<14>Nov 19 11:15:17 ec2: 256 SHA256:b7dukPppQxe/RMkta1gU9IHa+Lv6fTAwb9+xXgjfzMI root@ubuntu-xenial (ED25519)
<14>Nov 19 11:15:17 ec2: 2048 SHA256:cbdJUv/xdqmk3uVkyL8HBLcysUXBleAZOK4G2yhRA8w root@ubuntu-xenial (RSA)
<14>Nov 19 11:15:17 ec2: -----END SSH HOST KEY FINGERPRINTS-----
<14>Nov 19 11:15:17 ec2: #############################################################
-----BEGIN SSH HOST KEY KEYS-----
ecdsa-sha2-nistp256 AAAAE2VjZHNhLXNoYTItbmlzdHAyNTYAAAAIbmlzdHAyNTYAAABBBKX7yAhAVp/xVeyG4TTFVnSMk6Vh4q/+L8q2GUPXTZsgVxj9jDDnWT2HZhTrGPuv53vis9k0G+3rvTAzqt98c/0= root@ubuntu-xenial
ssh-ed25519 AAAAC3NzaC1lZDI1NTE5AAAAIClQrlbNWMBzTvkDFHMXjY0bViwQFLvKOeAgW9pW9x96 root@ubuntu-xenial
ssh-rsa AAAAB3NzaC1yc2EAAAADAQABAAABAQC8Y6wDkdbSUi//MK/UbQYFuA4LXQACdy/IBo2Y/b/hCWeUZl7ViruUkZBDk16DIQgdU+YN9FoUxSCq/3WbpQfKIXdwJ1TWIc4utGXTCdi2AIfZiDNDn9fmlMLpnUZ2WjWtfREdVkCie8bfXM7f9Git47lLJxRVFrlJKCN/EWeTd/J4iGJum5ElpoqqHlQqZJWPoz2G2j9O84dIA/QJVKZUakDya/vUW719ndmHodtWkdhITc+9WoKeQWLU8x0sx7euV/1DAsJ3lWtMm7JV4fyu9wY2510CVuBlgpfv41GSYDZz42MNfwI4tle+QKskBcGFb+j5ZfhIvMvlIkmwkYu3 root@ubuntu-xenial
-----END SSH HOST KEY KEYS-----
[   14.761484] cloud-init[1474]: Cloud-init v. 19.1-1-gbaa47854-0ubuntu1~16.04.1 running 'modules:final' at Tue, 19 Nov 2019 11:15:17 +0000. Up 14.59 seconds.
[   14.761989] cloud-init[1474]: ci-info: no authorized ssh keys fingerprints found for user ubuntu.
[   14.762715] cloud-init[1474]: Cloud-init v. 19.1-1-gbaa47854-0ubuntu1~16.04.1 finished at Tue, 19 Nov 2019 11:15:17 +0000. Datasource DataSourceNoCloud [seed=/dev/sdb][dsmode=net].  Up 14.75 seconds

Ubuntu 16.04.6 LTS ubuntu-xenial ttyS0

ubuntu-xenial login: 